<?xml version="1.0" encoding="UTF-8"?>
<testsuite xmlns:xsi="http://www.w3.org/2001/XMLSchema-instance" xsi:noNamespaceSchemaLocation="https://maven.apache.org/surefire/maven-surefire-plugin/xsd/surefire-test-report-3.0.xsd" version="3.0" name="CucumberTestRunner" time="212.294" tests="11" errors="0" skipped="0" failures="0">
  <properties>
[...]
</properties>
  <testcase name="As valid user i was able to Filter the products #1" classname="Dashboard products" time="25.141">
    <system-out><![CDATA[
@Test
Scenario Outline: As valid user i was able to Filter the products       &amp#27;[90m# src/test/resources/Features/Dashboard.feature:9&amp#27;[0m
  &amp#27;[32mGiven &amp#27;[0m&amp#27;[32mLogin with username &amp#27;[0m&amp#27;[32m&amp#27;[1m"standard_user"&amp#27;[0m&amp#27;[32m and password &amp#27;[0m&amp#27;[32m&amp#27;[1m"secret_sauce"&amp#27;[0m &amp#27;[90m# StepDef.LoginStep.loginWithEmailAndPassword(java.lang.String,java.lang.String)&amp#27;[0m
  &amp#27;[32mWhen &amp#27;[0m&amp#27;[32mFilter products to &amp#27;[0m&amp#27;[32m&amp#27;[1m"Name (A to Z)"&amp#27;[0m                               &amp#27;[90m# StepDef.DashboardProductsStep.filterProductsTo(java.lang.String)&amp#27;[0m
  &amp#27;[32mThen &amp#27;[0m&amp#27;[32mThe filter selected was &amp#27;[0m&amp#27;[32m&amp#27;[1m"Name (A to Z)"&amp#27;[0m                          &amp#27;[90m# StepDef.DashboardProductsStep.filterWasSelected(java.lang.String)&amp#27;[0m
]]></system-out>
    <system-err><![CDATA[SLF4J: No SLF4J providers were found.
SLF4J: Defaulting to no-operation (NOP) logger implementation
SLF4J: See https://www.slf4j.org/codes.html#noProviders for further details.
Starting ChromeDriver 114.0.5735.90 (386bc09e8f4f2e025eddae123f36f6263096ae49-refs/branch-heads/5735@{#1052}) on port 40686
Only local connections are allowed.
Please see https://chromedriver.chromium.org/security-considerations for suggestions on keeping ChromeDriver safe.
ChromeDriver was started successfully.
Jul 22, 2023 9:06:32 PM org.openqa.selenium.devtools.CdpVersionFinder findNearestMatch
WARNING: Unable to find an exact match for CDP version 114, so returning the closest version found: 110
]]></system-err>
  </testcase>
  <testcase name="As valid user i was able to Filter the products #2" classname="Dashboard products" time="19.452">
    <system-out><![CDATA[
@Test
Scenario Outline: As valid user i was able to Filter the products       &amp#27;[90m# src/test/resources/Features/Dashboard.feature:10&amp#27;[0m
  &amp#27;[32mGiven &amp#27;[0m&amp#27;[32mLogin with username &amp#27;[0m&amp#27;[32m&amp#27;[1m"standard_user"&amp#27;[0m&amp#27;[32m and password &amp#27;[0m&amp#27;[32m&amp#27;[1m"secret_sauce"&amp#27;[0m &amp#27;[90m# StepDef.LoginStep.loginWithEmailAndPassword(java.lang.String,java.lang.String)&amp#27;[0m
  &amp#27;[32mWhen &amp#27;[0m&amp#27;[32mFilter products to &amp#27;[0m&amp#27;[32m&amp#27;[1m"Name (Z to A)"&amp#27;[0m                               &amp#27;[90m# StepDef.DashboardProductsStep.filterProductsTo(java.lang.String)&amp#27;[0m
  &amp#27;[32mThen &amp#27;[0m&amp#27;[32mThe filter selected was &amp#27;[0m&amp#27;[32m&amp#27;[1m"Name (Z to A)"&amp#27;[0m                          &amp#27;[90m# StepDef.DashboardProductsStep.filterWasSelected(java.lang.String)&amp#27;[0m
]]></system-out>
    <system-err><![CDATA[Starting ChromeDriver 114.0.5735.90 (386bc09e8f4f2e025eddae123f36f6263096ae49-refs/branch-heads/5735@{#1052}) on port 21283
Only local connections are allowed.
Please see https://chromedriver.chromium.org/security-considerations for suggestions on keeping ChromeDriver safe.
ChromeDriver was started successfully.
Jul 22, 2023 9:06:51 PM org.openqa.selenium.devtools.CdpVersionFinder findNearestMatch
WARNING: Unable to find an exact match for CDP version 114, so returning the closest version found: 110
]]></system-err>
  </testcase>
  <testcase name="As valid user i was able to Filter the products #3" classname="Dashboard products" time="18.485">
    <system-out><![CDATA[
@Test
Scenario Outline: As valid user i was able to Filter the products       &amp#27;[90m# src/test/resources/Features/Dashboard.feature:11&amp#27;[0m
  &amp#27;[32mGiven &amp#27;[0m&amp#27;[32mLogin with username &amp#27;[0m&amp#27;[32m&amp#27;[1m"standard_user"&amp#27;[0m&amp#27;[32m and password &amp#27;[0m&amp#27;[32m&amp#27;[1m"secret_sauce"&amp#27;[0m &amp#27;[90m# StepDef.LoginStep.loginWithEmailAndPassword(java.lang.String,java.lang.String)&amp#27;[0m
  &amp#27;[32mWhen &amp#27;[0m&amp#27;[32mFilter products to &amp#27;[0m&amp#27;[32m&amp#27;[1m"Price (low to high)"&amp#27;[0m                         &amp#27;[90m# StepDef.DashboardProductsStep.filterProductsTo(java.lang.String)&amp#27;[0m
  &amp#27;[32mThen &amp#27;[0m&amp#27;[32mThe filter selected was &amp#27;[0m&amp#27;[32m&amp#27;[1m"Price (low to high)"&amp#27;[0m                    &amp#27;[90m# StepDef.DashboardProductsStep.filterWasSelected(java.lang.String)&amp#27;[0m
]]></system-out>
    <system-err><![CDATA[Starting ChromeDriver 114.0.5735.90 (386bc09e8f4f2e025eddae123f36f6263096ae49-refs/branch-heads/5735@{#1052}) on port 8003
Only local connections are allowed.
Please see https://chromedriver.chromium.org/security-considerations for suggestions on keeping ChromeDriver safe.
ChromeDriver was started successfully.
Jul 22, 2023 9:07:11 PM org.openqa.selenium.devtools.CdpVersionFinder findNearestMatch
WARNING: Unable to find an exact match for CDP version 114, so returning the closest version found: 110
]]></system-err>
  </testcase>
  <testcase name="As valid user i was able to Filter the products #4" classname="Dashboard products" time="18.268">
    <system-out><![CDATA[
@Test
Scenario Outline: As valid user i was able to Filter the products       &amp#27;[90m# src/test/resources/Features/Dashboard.feature:12&amp#27;[0m
  &amp#27;[32mGiven &amp#27;[0m&amp#27;[32mLogin with username &amp#27;[0m&amp#27;[32m&amp#27;[1m"standard_user"&amp#27;[0m&amp#27;[32m and password &amp#27;[0m&amp#27;[32m&amp#27;[1m"secret_sauce"&amp#27;[0m &amp#27;[90m# StepDef.LoginStep.loginWithEmailAndPassword(java.lang.String,java.lang.String)&amp#27;[0m
  &amp#27;[32mWhen &amp#27;[0m&amp#27;[32mFilter products to &amp#27;[0m&amp#27;[32m&amp#27;[1m"Price (high to low)"&amp#27;[0m                         &amp#27;[90m# StepDef.DashboardProductsStep.filterProductsTo(java.lang.String)&amp#27;[0m
  &amp#27;[32mThen &amp#27;[0m&amp#27;[32mThe filter selected was &amp#27;[0m&amp#27;[32m&amp#27;[1m"Price (high to low)"&amp#27;[0m                    &amp#27;[90m# StepDef.DashboardProductsStep.filterWasSelected(java.lang.String)&amp#27;[0m
]]></system-out>
    <system-err><![CDATA[Starting ChromeDriver 114.0.5735.90 (386bc09e8f4f2e025eddae123f36f6263096ae49-refs/branch-heads/5735@{#1052}) on port 45083
Only local connections are allowed.
Please see https://chromedriver.chromium.org/security-considerations for suggestions on keeping ChromeDriver safe.
ChromeDriver was started successfully.
Jul 22, 2023 9:07:29 PM org.openqa.selenium.devtools.CdpVersionFinder findNearestMatch
WARNING: Unable to find an exact match for CDP version 114, so returning the closest version found: 110
]]></system-err>
  </testcase>
  <testcase name="The default filter value was A to Z #1" classname="Dashboard products" time="19.379">
    <system-out><![CDATA[
@Test
Scenario Outline: The default filter value was A to Z                   &amp#27;[90m# src/test/resources/Features/Dashboard.feature:21&amp#27;[0m
  &amp#27;[32mGiven &amp#27;[0m&amp#27;[32mLogin with username &amp#27;[0m&amp#27;[32m&amp#27;[1m"standard_user"&amp#27;[0m&amp#27;[32m and password &amp#27;[0m&amp#27;[32m&amp#27;[1m"secret_sauce"&amp#27;[0m &amp#27;[90m# StepDef.LoginStep.loginWithEmailAndPassword(java.lang.String,java.lang.String)&amp#27;[0m
  &amp#27;[32mAnd &amp#27;[0m&amp#27;[32mFilter products to &amp#27;[0m&amp#27;[32m&amp#27;[1m"Name (A to Z)"&amp#27;[0m                                &amp#27;[90m# StepDef.DashboardProductsStep.filterProductsTo(java.lang.String)&amp#27;[0m
  &amp#27;[32mWhen &amp#27;[0m&amp#27;[32mRefresh the page&amp#27;[0m                                                 &amp#27;[90m# StepDef.DashboardProductsStep.refreshThePage()&amp#27;[0m
  &amp#27;[32mThen &amp#27;[0m&amp#27;[32mThe filter selected was &amp#27;[0m&amp#27;[32m&amp#27;[1m"Name (A to Z)"&amp#27;[0m                          &amp#27;[90m# StepDef.DashboardProductsStep.filterWasSelected(java.lang.String)&amp#27;[0m
]]></system-out>
    <system-err><![CDATA[Starting ChromeDriver 114.0.5735.90 (386bc09e8f4f2e025eddae123f36f6263096ae49-refs/branch-heads/5735@{#1052}) on port 44880
Only local connections are allowed.
Please see https://chromedriver.chromium.org/security-considerations for suggestions on keeping ChromeDriver safe.
ChromeDriver was started successfully.
Jul 22, 2023 9:07:47 PM org.openqa.selenium.devtools.CdpVersionFinder findNearestMatch
WARNING: Unable to find an exact match for CDP version 114, so returning the closest version found: 110
]]></system-err>
  </testcase>
  <testcase name="The default filter value was A to Z #2" classname="Dashboard products" time="19.563">
    <system-out><![CDATA[
@Test
Scenario Outline: The default filter value was A to Z                   &amp#27;[90m# src/test/resources/Features/Dashboard.feature:22&amp#27;[0m
  &amp#27;[32mGiven &amp#27;[0m&amp#27;[32mLogin with username &amp#27;[0m&amp#27;[32m&amp#27;[1m"standard_user"&amp#27;[0m&amp#27;[32m and password &amp#27;[0m&amp#27;[32m&amp#27;[1m"secret_sauce"&amp#27;[0m &amp#27;[90m# StepDef.LoginStep.loginWithEmailAndPassword(java.lang.String,java.lang.String)&amp#27;[0m
  &amp#27;[32mAnd &amp#27;[0m&amp#27;[32mFilter products to &amp#27;[0m&amp#27;[32m&amp#27;[1m"Name (Z to A)"&amp#27;[0m                                &amp#27;[90m# StepDef.DashboardProductsStep.filterProductsTo(java.lang.String)&amp#27;[0m
  &amp#27;[32mWhen &amp#27;[0m&amp#27;[32mRefresh the page&amp#27;[0m                                                 &amp#27;[90m# StepDef.DashboardProductsStep.refreshThePage()&amp#27;[0m
  &amp#27;[32mThen &amp#27;[0m&amp#27;[32mThe filter selected was &amp#27;[0m&amp#27;[32m&amp#27;[1m"Name (A to Z)"&amp#27;[0m                          &amp#27;[90m# StepDef.DashboardProductsStep.filterWasSelected(java.lang.String)&amp#27;[0m
]]></system-out>
    <system-err><![CDATA[Starting ChromeDriver 114.0.5735.90 (386bc09e8f4f2e025eddae123f36f6263096ae49-refs/branch-heads/5735@{#1052}) on port 30515
Only local connections are allowed.
Please see https://chromedriver.chromium.org/security-considerations for suggestions on keeping ChromeDriver safe.
ChromeDriver was started successfully.
Jul 22, 2023 9:08:06 PM org.openqa.selenium.devtools.CdpVersionFinder findNearestMatch
WARNING: Unable to find an exact match for CDP version 114, so returning the closest version found: 110
]]></system-err>
  </testcase>
  <testcase name="The default filter value was A to Z #3" classname="Dashboard products" time="20.175">
    <system-out><![CDATA[
@Test
Scenario Outline: The default filter value was A to Z                   &amp#27;[90m# src/test/resources/Features/Dashboard.feature:23&amp#27;[0m
  &amp#27;[32mGiven &amp#27;[0m&amp#27;[32mLogin with username &amp#27;[0m&amp#27;[32m&amp#27;[1m"standard_user"&amp#27;[0m&amp#27;[32m and password &amp#27;[0m&amp#27;[32m&amp#27;[1m"secret_sauce"&amp#27;[0m &amp#27;[90m# StepDef.LoginStep.loginWithEmailAndPassword(java.lang.String,java.lang.String)&amp#27;[0m
  &amp#27;[32mAnd &amp#27;[0m&amp#27;[32mFilter products to &amp#27;[0m&amp#27;[32m&amp#27;[1m"Price (low to high)"&amp#27;[0m                          &amp#27;[90m# StepDef.DashboardProductsStep.filterProductsTo(java.lang.String)&amp#27;[0m
  &amp#27;[32mWhen &amp#27;[0m&amp#27;[32mRefresh the page&amp#27;[0m                                                 &amp#27;[90m# StepDef.DashboardProductsStep.refreshThePage()&amp#27;[0m
  &amp#27;[32mThen &amp#27;[0m&amp#27;[32mThe filter selected was &amp#27;[0m&amp#27;[32m&amp#27;[1m"Name (A to Z)"&amp#27;[0m                          &amp#27;[90m# StepDef.DashboardProductsStep.filterWasSelected(java.lang.String)&amp#27;[0m
]]></system-out>
    <system-err><![CDATA[Starting ChromeDriver 114.0.5735.90 (386bc09e8f4f2e025eddae123f36f6263096ae49-refs/branch-heads/5735@{#1052}) on port 35382
Only local connections are allowed.
Please see https://chromedriver.chromium.org/security-considerations for suggestions on keeping ChromeDriver safe.
ChromeDriver was started successfully.
Jul 22, 2023 9:08:26 PM org.openqa.selenium.devtools.CdpVersionFinder findNearestMatch
WARNING: Unable to find an exact match for CDP version 114, so returning the closest version found: 110
]]></system-err>
  </testcase>
  <testcase name="The default filter value was A to Z #4" classname="Dashboard products" time="19.909">
    <system-out><![CDATA[
@Test
Scenario Outline: The default filter value was A to Z                   &amp#27;[90m# src/test/resources/Features/Dashboard.feature:24&amp#27;[0m
  &amp#27;[32mGiven &amp#27;[0m&amp#27;[32mLogin with username &amp#27;[0m&amp#27;[32m&amp#27;[1m"standard_user"&amp#27;[0m&amp#27;[32m and password &amp#27;[0m&amp#27;[32m&amp#27;[1m"secret_sauce"&amp#27;[0m &amp#27;[90m# StepDef.LoginStep.loginWithEmailAndPassword(java.lang.String,java.lang.String)&amp#27;[0m
  &amp#27;[32mAnd &amp#27;[0m&amp#27;[32mFilter products to &amp#27;[0m&amp#27;[32m&amp#27;[1m"Price (high to low)"&amp#27;[0m                          &amp#27;[90m# StepDef.DashboardProductsStep.filterProductsTo(java.lang.String)&amp#27;[0m
  &amp#27;[32mWhen &amp#27;[0m&amp#27;[32mRefresh the page&amp#27;[0m                                                 &amp#27;[90m# StepDef.DashboardProductsStep.refreshThePage()&amp#27;[0m
  &amp#27;[32mThen &amp#27;[0m&amp#27;[32mThe filter selected was &amp#27;[0m&amp#27;[32m&amp#27;[1m"Name (A to Z)"&amp#27;[0m                          &amp#27;[90m# StepDef.DashboardProductsStep.filterWasSelected(java.lang.String)&amp#27;[0m
]]></system-out>
    <system-err><![CDATA[Starting ChromeDriver 114.0.5735.90 (386bc09e8f4f2e025eddae123f36f6263096ae49-refs/branch-heads/5735@{#1052}) on port 4394
Only local connections are allowed.
Please see https://chromedriver.chromium.org/security-considerations for suggestions on keeping ChromeDriver safe.
ChromeDriver was started successfully.
Jul 22, 2023 9:08:46 PM org.openqa.selenium.devtools.CdpVersionFinder findNearestMatch
WARNING: Unable to find an exact match for CDP version 114, so returning the closest version found: 110
]]></system-err>
  </testcase>
  <testcase name="Login valid to saucedemo" classname="Login to saucedemo" time="16.981">
    <system-out><![CDATA[
@Test
Scenario Outline: Login valid to saucedemo                              &amp#27;[90m# src/test/resources/Features/Login.feature:7&amp#27;[0m
  &amp#27;[32mGiven &amp#27;[0m&amp#27;[32mLogin with username &amp#27;[0m&amp#27;[32m&amp#27;[1m"standard_user"&amp#27;[0m&amp#27;[32m and password &amp#27;[0m&amp#27;[32m&amp#27;[1m"secret_sauce"&amp#27;[0m &amp#27;[90m# StepDef.LoginStep.loginWithEmailAndPassword(java.lang.String,java.lang.String)&amp#27;[0m
]]></system-out>
    <system-err><![CDATA[Starting ChromeDriver 114.0.5735.90 (386bc09e8f4f2e025eddae123f36f6263096ae49-refs/branch-heads/5735@{#1052}) on port 5399
Only local connections are allowed.
Please see https://chromedriver.chromium.org/security-considerations for suggestions on keeping ChromeDriver safe.
ChromeDriver was started successfully.
Jul 22, 2023 9:09:06 PM org.openqa.selenium.devtools.CdpVersionFinder findNearestMatch
WARNING: Unable to find an exact match for CDP version 114, so returning the closest version found: 110
]]></system-err>
  </testcase>
  <testcase name="Login with valid account" classname="Login to saucedemo" time="17.253">
    <system-out><![CDATA[
@Test
Scenario: Login with valid account        &amp#27;[90m# src/test/resources/Features/Login.feature:9&amp#27;[0m
  &amp#27;[32mGiven &amp#27;[0m&amp#27;[32mInput valid username&amp#27;[0m              &amp#27;[90m# StepDef.LoginStep.inputValidUsername()&amp#27;[0m
  &amp#27;[32mAnd &amp#27;[0m&amp#27;[32mInput valid password&amp#27;[0m                &amp#27;[90m# StepDef.LoginStep.inputValidPassword()&amp#27;[0m
  &amp#27;[32mWhen &amp#27;[0m&amp#27;[32mClick login button&amp#27;[0m                 &amp#27;[90m# StepDef.LoginStep.clickLoginButton()&amp#27;[0m
  &amp#27;[32mThen &amp#27;[0m&amp#27;[32mShould redirected to product lists&amp#27;[0m &amp#27;[90m# StepDef.LoginStep.shouldRedirectedToProductLists()&amp#27;[0m
https://www.saucedemo.com/inventory.html
  &amp#27;[32mAnd &amp#27;[0m&amp#27;[32mPath URL was &amp#27;[0m&amp#27;[32m&amp#27;[1m"/inventory.html"&amp#27;[0m      &amp#27;[90m# StepDef.LoginStep.pathURLWas(java.lang.String)&amp#27;[0m
]]></system-out>
    <system-err><![CDATA[Starting ChromeDriver 114.0.5735.90 (386bc09e8f4f2e025eddae123f36f6263096ae49-refs/branch-heads/5735@{#1052}) on port 19614
Only local connections are allowed.
Please see https://chromedriver.chromium.org/security-considerations for suggestions on keeping ChromeDriver safe.
ChromeDriver was started successfully.
Jul 22, 2023 9:09:23 PM org.openqa.selenium.devtools.CdpVersionFinder findNearestMatch
WARNING: Unable to find an exact match for CDP version 114, so returning the closest version found: 110
]]></system-err>
  </testcase>
  <testcase name="Login with unmatched username and password" classname="Login to saucedemo" time="15.239">
    <system-out><![CDATA[
@Test
Scenario: Login with unmatched username and password        &amp#27;[90m# src/test/resources/Features/Login.feature:16&amp#27;[0m
  &amp#27;[32mGiven &amp#27;[0m&amp#27;[32mInput invalid username&amp#27;[0m                              &amp#27;[90m# StepDef.LoginStep.inputInvalidUsername()&amp#27;[0m
  &amp#27;[32mAnd &amp#27;[0m&amp#27;[32mInput invalid password&amp#27;[0m                                &amp#27;[90m# StepDef.LoginStep.inputInvalidPassword()&amp#27;[0m
  &amp#27;[32mWhen &amp#27;[0m&amp#27;[32mClick login button&amp#27;[0m                                   &amp#27;[90m# StepDef.LoginStep.clickLoginButton()&amp#27;[0m
  &amp#27;[32mThen &amp#27;[0m&amp#27;[32mShow error message username and password not matched&amp#27;[0m &amp#27;[90m# StepDef.LoginStep.showErrorMessageUsernameAndPasswordNotMatched()&amp#27;[0m
]]></system-out>
    <system-err><![CDATA[Starting ChromeDriver 114.0.5735.90 (386bc09e8f4f2e025eddae123f36f6263096ae49-refs/branch-heads/5735@{#1052}) on port 22744
Only local connections are allowed.
Please see https://chromedriver.chromium.org/security-considerations for suggestions on keeping ChromeDriver safe.
ChromeDriver was started successfully.
Jul 22, 2023 9:09:40 PM org.openqa.selenium.devtools.CdpVersionFinder findNearestMatch
WARNING: Unable to find an exact match for CDP version 114, so returning the closest version found: 110
]]></system-err>
  </testcase>
</testsuite>